<?xml version="1.0" encoding="UTF-8"?>
<!-- Generated by org.testng.reporters.JUnitReportReporter -->
<testsuite hostname="HP" failures="0" tests="1" name="testCases.TC002EnrollingTest2" time="0.366" errors="0" timestamp="2025-07-28T16:37:17 AST" skipped="0">
  <testcase classname="testCases.TC002EnrollingTest2" name="verify_eroll" time="0.366"/>
</testsuite> <!-- testCases.TC002EnrollingTest2 -->
