<?xml version="1.0" encoding="UTF-8"?>
<!-- Generated by org.testng.reporters.JUnitReportReporter -->
<testsuite hostname="HP" failures="0" tests="1" name="testCases.TC002EnrollingTest2" time="0.454" errors="0" timestamp="2025-07-29T10:46:54 GMT+03:00" skipped="0">
  <testcase classname="testCases.TC002EnrollingTest2" name="verify_eroll" time="0.454"/>
</testsuite> <!-- testCases.TC002EnrollingTest2 -->
